<?xml version="1.0" encoding="UTF-8"?>
<!-- Generated by org.testng.reporters.JUnitReportReporter -->
<testsuite hostname="DESKTOP-GSF0NSK" failures="0" tests="2" name="com.training.sanity.tests.LoginTests" time="33.217" errors="0" timestamp="2023-04-12T01:10:37 IST" skipped="0">
  <testcase classname="com.training.sanity.tests.LoginTests" name="validLoginTest" time="24.455"/>
  <system-out/>
  <testcase classname="com.training.sanity.tests.LoginTests" name="validprofiletest" time="8.762"/>
  <system-out/>
</testsuite> <!-- com.training.sanity.tests.LoginTests -->
